
10:08:20: Video From Narayan chat_id:784469586
10:08:21: Thread for downloading video from Narayan Started
10:08:24: Thread for downloading video from Narayan Finished
10:15:05: Video From Narayan chat_id:784469586
10:15:08: Thread for downloading video from Narayan Started
10:15:12: Thread for downloading video from Narayan Finished
10:16:05: Started server at port 8080
10:16:13: Video From Narayan chat_id:784469586
10:16:14: Thread for downloading video from Narayan Started
10:16:18: Thread for downloading video from Narayan Finished
10:23:10: Video From Ranjan chat_id:831745933
10:23:13: Thread for downloading video from Ranjan Started
10:23:16: Thread for downloading video from Ranjan Finished
10:26:59: Video From Shravan SK chat_id:1011404549
10:27:00: Thread for downloading video from Shravan SK Started
10:27:04: Thread for downloading video from Shravan SK Finished
10:36:33: Video From Prateek chat_id:1062318639
10:36:39: Video From Prateek chat_id:1062318639
10:36:46: Video From Prateek chat_id:1062318639
10:36:58: Video From Prateek chat_id:1062318639
10:37:00: Thread for downloading video from Prateek Started
10:37:05: Thread for downloading video from Prateek Finished
10:38:42: Video From Rajath chat_id:759121283
10:38:45: Thread for downloading video from Rajath Started
10:38:48: Thread for downloading video from Rajath Finished
10:40:19: Video From Mihir chat_id:748682761
10:40:21: Thread for downloading video from Mihir Started
10:40:23: Thread for downloading video from Mihir Finished
10:48:05: Video From Rajath chat_id:759121283
10:48:06: Thread for downloading video from Rajath Started
10:48:09: Thread for downloading video from Rajath Finished
10:48:28: Video From Mihir chat_id:748682761
10:48:31: Video From Mihir chat_id:748682761
10:48:36: Video From Mihir chat_id:748682761
10:48:46: Video From Mihir chat_id:748682761
10:48:57: Video From Sanjay chat_id:597026110
10:48:58: Thread for downloading video from Sanjay Started
10:48:59: Thread for downloading video from Sanjay Finished
10:49:03: Video From Mihir chat_id:748682761
10:49:36: Video From Mihir chat_id:748682761
10:49:52: Video From Kiran chat_id:744481221
10:49:55: Thread for downloading video from Kiran Started
10:49:57: Thread for downloading video from Kiran Finished
10:50:37: Video From Mihir chat_id:748682761
10:50:48: Video From Mihir chat_id:748682761
10:50:52: Video From Mihir chat_id:748682761
10:50:57: Video From Mihir chat_id:748682761
10:51:07: Video From Mihir chat_id:748682761
10:51:24: Video From Mihir chat_id:748682761
10:51:39: Video From Mihir chat_id:748682761
10:51:57: Video From Mihir chat_id:748682761
10:52:40: Video From Mihir chat_id:748682761
10:52:59: Video From Mihir chat_id:748682761
10:53:42: Video From Mihir chat_id:748682761
10:54:00: Video From Mihir chat_id:748682761
10:54:43: Video From Mihir chat_id:748682761
10:55:00: Started server at port 8080
10:55:01: Video From Mihir chat_id:748682761
10:55:45: Video From Mihir chat_id:748682761
10:56:25: Video From Narayan chat_id:784469586
10:56:25: Thread for downloading video from Narayan Started
10:56:29: Thread for downloading video from Narayan Finished
11:01:07: Video From Mihir chat_id:748682761
11:01:15: Thread for downloading video from Mihir Started
11:01:22: Thread for downloading video from Mihir Finished
11:06:27: Video From Sanjay chat_id:830839096
11:06:34: Thread for downloading video from Sanjay Started
11:06:42: Thread for downloading video from Sanjay Finished
11:37:14: Video From Shravan SK chat_id:1011404549
11:37:15: Thread for downloading video from Shravan SK Started
11:37:18: Video From Narayan chat_id:784469586
11:37:18: Thread for downloading video from Shravan SK Finished
11:37:18: Thread for downloading video from Narayan Started
11:37:21: Thread for downloading video from Narayan Finished
11:45:06: Video From Rajath chat_id:759121283
11:45:06: Thread for downloading video from Rajath Started
11:45:10: Thread for downloading video from Rajath Finished
11:45:17: Video From Narayan chat_id:784469586
11:45:18: Thread for downloading video from Narayan Started
11:45:26: Thread for downloading video from Narayan Finished
12:04:41: Video From Keerthana chat_id:630587690
12:04:43: Thread for downloading video from Keerthana Started
12:04:45: Thread for downloading video from Keerthana Finished
12:09:48: Video From Keerthana chat_id:630587690
12:09:50: Thread for downloading video from Keerthana Started
12:09:56: Thread for downloading video from Keerthana Finished
12:13:54: Video From SkMrTheOverLord chat_id:1028945159
12:13:56: Thread for downloading video from SkMrTheOverLord Started
12:13:59: Thread for downloading video from SkMrTheOverLord Finished
12:15:00: Video From Sanjay chat_id:830839096
12:15:07: Thread for downloading video from Sanjay Started
12:15:22: Thread for downloading video from Sanjay Finished
12:17:04: Video From Prateek chat_id:1062318639
12:17:08: Thread for downloading video from Prateek Started
12:17:32: Thread for downloading video from Prateek Finished
12:20:27: Video From Vikash chat_id:819194589
12:20:33: Thread for downloading video from Vikash Started
12:20:48: Thread for downloading video from Vikash Finished
12:24:01: Video From Harshith chat_id:610501337
12:24:06: Thread for downloading video from Harshith Started
12:24:14: Thread for downloading video from Harshith Finished
12:31:56: Video From Sanjay chat_id:830839096
12:32:03: Thread for downloading video from Sanjay Started
12:32:10: Thread for downloading video from Sanjay Finished
12:32:26: Video From Narayan chat_id:784469586
12:33:03: Video From Narayan chat_id:784469586
12:34:12: Video From Narayan chat_id:784469586
12:34:37: Started server at port 8080
12:34:38: Video From Narayan chat_id:784469586
12:34:40: Thread for downloading video from Narayan Started
12:34:44: Thread for downloading video from Narayan Finished
12:36:49: Video From Harshith chat_id:610501337
12:36:52: Thread for downloading video from Harshith Started
12:36:56: Thread for downloading video from Harshith Finished
12:40:17: Video From Sandarsh chat_id:543706041
12:40:20: Thread for downloading video from Sandarsh Started
12:40:25: Thread for downloading video from Sandarsh Finished
12:47:06: Video From Narayan chat_id:784469586
12:47:11: Thread for downloading video from Narayan Started
12:47:19: Thread for downloading video from Narayan Finished
12:52:26: Video From Sandarsh chat_id:543706041
12:52:29: Thread for downloading video from Sandarsh Started
12:52:34: Thread for downloading video from Sandarsh Finished
13:04:33: Video From Sanjay chat_id:597026110
13:04:39: Thread for downloading video from Sanjay Started
13:04:41: Thread for downloading video from Sanjay Finished
13:04:42: Video From Narayan chat_id:784469586
13:04:46: Thread for downloading video from Narayan Started
13:04:53: Thread for downloading video from Narayan Finished
13:07:10: Video From Sandarsh chat_id:543706041
13:07:13: Thread for downloading video from Sandarsh Started
13:07:17: Thread for downloading video from Sandarsh Finished
18:55:32: Started server at port 8080
18:56:29: Video From Narayan chat_id:784469586
18:56:32: Thread for downloading video from Narayan Started
18:56:39: Thread for downloading video from Narayan Finished
19:03:04: Video From Narayan chat_id:784469586
19:03:08: Thread for downloading video from Narayan Started
19:03:12: Thread for downloading video from Narayan Finished
19:05:19: Video From Narayan chat_id:784469586
19:05:23: Thread for downloading video from Narayan Started
19:05:53: Thread for downloading video from Narayan Finished
19:41:51: Video From Narayan chat_id:784469586
19:41:55: Thread for downloading video from Narayan Started
19:41:57: Thread for downloading video from Narayan Finished
19:43:07: Video From Narayan chat_id:784469586
19:43:08: Thread for downloading video from Narayan Started
19:43:13: Thread for downloading video from Narayan Finished
16:58:05: Started server at port 8080
16:58:33: Started server at port 8080
17:00:56: Video From Narayan chat_id:784469586
17:01:00: Thread for downloading video from Narayan Started
17:01:06: Thread for downloading video from Narayan Finished
17:04:40: Video From Narayan chat_id:784469586
17:04:44: Thread for downloading video from Narayan Started
17:04:51: Thread for downloading video from Narayan Finished
17:06:35: Video From Narayan chat_id:784469586
17:06:36: Thread for downloading video from Narayan Started
17:06:41: Thread for downloading video from Narayan Finished
13:19:18: Started server at port 8080
13:20:59: Video From Narayan chat_id:784469586
13:21:03: Thread for downloading video from Narayan Started
13:21:11: Thread for downloading video from Narayan Finished
06:16:24: Started server at port 8080
06:18:36: Video From Narayan chat_id:784469586
06:18:39: Thread for downloading video from Narayan Started
06:18:43: Thread for downloading video from Narayan Finished
06:24:45: Video From Narayan chat_id:784469586
06:24:50: Thread for downloading video from Narayan Started
06:24:56: Thread for downloading video from Narayan Finished
14:39:29: Started server at port 8080
